{
"/Users/philip/projects/parse-graphql/src/parse-graphql.js":{"path":"/Users/philip/projects/parse-graphql/src/parse-graphql.js","s":{"1":1,"2":1,"3":1},"b":{},"f":{},"fnMap":{},"statementMap":{"1":{"start":{"line":0,"column":0},"end":{"line":0,"column":0},"skip":true},"2":{"start":{"line":1,"column":-15},"end":{"line":1,"column":-15}},"3":{"start":{"line":0,"column":0},"end":{"line":0,"column":0},"skip":true}},"branchMap":{},"l":{"0":1,"1":1}},
"/Users/philip/projects/parse-graphql/src/client/index.js":{"path":"/Users/philip/projects/parse-graphql/src/client/index.js","s":{"1":14,"2":1,"3":14,"4":42,"5":42,"6":42,"7":42,"8":42,"9":42,"10":14,"11":14,"12":14,"13":14,"14":0,"15":14,"16":14,"17":14,"18":14,"19":1,"20":14,"21":1,"22":15,"23":0,"24":14,"25":14,"26":1,"27":15,"28":15,"29":15,"30":15,"31":2,"32":13,"33":13,"34":14,"35":1,"36":1,"37":1,"38":1,"39":6,"40":6,"41":5,"42":5,"43":5,"44":1,"45":14,"46":14},"b":{"1":[42,42],"2":[42,0],"3":[14,0],"4":[0,14],"5":[0,14],"6":[14,14],"7":[0,15],"8":[1,14],"9":[15,14],"10":[15,0],"11":[15,0],"12":[2,13],"13":[5,4],"14":[3,2]},"f":{"1":14,"2":14,"3":14,"4":14,"5":15,"6":14,"7":15,"8":1,"9":1,"10":1,"11":1,"12":6,"13":5,"14":1},"fnMap":{"1":{"name":"(anonymous_1)","line":3,"skip":true,"loc":{"start":{"line":0,"column":0},"end":{"line":0,"column":0},"skip":true}},"2":{"name":"defineProperties","line":3,"skip":true,"loc":{"start":{"line":0,"column":0},"end":{"line":0,"column":0},"skip":true}},"3":{"name":"(anonymous_3)","line":3,"skip":true,"loc":{"start":{"line":0,"column":0},"end":{"line":0,"column":0},"skip":true}},"4":{"name":"_interopRequireDefault","line":11,"skip":true,"loc":{"start":{"line":0,"column":0},"end":{"line":0,"column":0},"skip":true}},"5":{"name":"_classCallCheck","line":13,"skip":true,"loc":{"start":{"line":0,"column":0},"end":{"line":0,"column":0},"skip":true}},"6":{"name":"(anonymous_6)","line":17,"skip":true,"loc":{"start":{"line":0,"column":0},"end":{"line":0,"column":0},"skip":true}},"7":{"name":"GraphQLClient","line":18,"loc":{"start":{"line":9,"column":2},"end":{"line":9,"column":55}}},"8":{"name":"query","line":34,"skip":true,"loc":{"start":{"line":0,"column":0},"end":{"line":0,"column":0},"skip":true}},"9":{"name":"(anonymous_9)","line":35,"loc":{"start":{"line":20,"column":6},"end":{"line":20,"column":6}}},"10":{"name":"mutate","line":41,"skip":true,"loc":{"start":{"line":0,"column":0},"end":{"line":0,"column":0},"skip":true}},"11":{"name":"(anonymous_11)","line":42,"loc":{"start":{"line":26,"column":6},"end":{"line":26,"column":6}}},"12":{"name":"setupTransport","line":48,"skip":true,"loc":{"start":{"line":0,"column":0},"end":{"line":0,"column":0},"skip":true}},"13":{"name":"(anonymous_13)","line":51,"loc":{"start":{"line":31,"column":47},"end":{"line":31,"column":64}}},"14":{"name":"(anonymous_14)","line":57,"loc":{"start":{"line":37,"column":7},"end":{"line":37,"column":18}}}},"statementMap":{"1":{"start":{"line":0,"column":0},"end":{"line":0,"column":0},"skip":true},"2":{"start":{"line":0,"column":0},"end":{"line":0,"column":0},"skip":true},"3":{"start":{"line":0,"column":0},"end":{"line":0,"column":0},"skip":true},"4":{"start":{"line":0,"column":0},"end":{"line":0,"column":0},"skip":true},"5":{"start":{"line":0,"column":0},"end":{"line":0,"column":0},"skip":true},"6":{"start":{"line":0,"column":0},"end":{"line":0,"column":0},"skip":true},"7":{"start":{"line":0,"column":0},"end":{"line":0,"column":0},"skip":true},"8":{"start":{"line":0,"column":0},"end":{"line":0,"column":0},"skip":true},"9":{"start":{"line":0,"column":0},"end":{"line":0,"column":0},"skip":true},"10":{"start":{"line":0,"column":0},"end":{"line":0,"column":0},"skip":true},"11":{"start":{"line":0,"column":0},"end":{"line":0,"column":0},"skip":true},"12":{"start":{"line":0,"column":0},"end":{"line":0,"column":0},"skip":true},"13":{"start":{"line":0,"column":0},"end":{"line":0,"column":0},"skip":true},"14":{"start":{"line":0,"column":0},"end":{"line":0,"column":0},"skip":true},"15":{"start":{"line":0,"column":0},"end":{"line":0,"column":0},"skip":true},"16":{"start":{"line":3,"column":0},"end":{"line":3,"column":0}},"17":{"start":{"line":4,"column":0},"end":{"line":4,"column":0}},"18":{"start":{"line":0,"column":0},"end":{"line":0,"column":0},"skip":true},"19":{"start":{"line":0,"column":0},"end":{"line":0,"column":0},"skip":true},"20":{"start":{"line":0,"column":0},"end":{"line":0,"column":0},"skip":true},"21":{"start":{"line":0,"column":0},"end":{"line":0,"column":0},"skip":true},"22":{"start":{"line":0,"column":0},"end":{"line":0,"column":0},"skip":true},"23":{"start":{"line":0,"column":0},"end":{"line":0,"column":0},"skip":true},"24":{"start":{"line":6,"column":0},"end":{"line":6,"column":0}},"25":{"start":{"line":0,"column":0},"end":{"line":0,"column":0},"skip":true},"26":{"start":{"line":9,"column":2},"end":{"line":16,"column":3}},"27":{"start":{"line":9,"column":55},"end":{"line":9,"column":55}},"28":{"start":{"line":9,"column":55},"end":{"line":9,"column":55}},"29":{"start":{"line":9,"column":55},"end":{"line":9,"column":55}},"30":{"start":{"line":10,"column":4},"end":{"line":12,"column":5}},"31":{"start":{"line":11,"column":6},"end":{"line":11,"column":6}},"32":{"start":{"line":14,"column":4},"end":{"line":14,"column":4}},"33":{"start":{"line":15,"column":4},"end":{"line":15,"column":4}},"34":{"start":{"line":0,"column":0},"end":{"line":0,"column":0},"skip":true},"35":{"start":{"line":19,"column":4},"end":{"line":19,"column":4}},"36":{"start":{"line":20,"column":6},"end":{"line":20,"column":6}},"37":{"start":{"line":25,"column":4},"end":{"line":25,"column":4}},"38":{"start":{"line":26,"column":6},"end":{"line":26,"column":6}},"39":{"start":{"line":30,"column":19},"end":{"line":30,"column":19}},"40":{"start":{"line":31,"column":4},"end":{"line":31,"column":4}},"41":{"start":{"line":32,"column":6},"end":{"line":32,"column":6}},"42":{"start":{"line":33,"column":6},"end":{"line":33,"column":6}},"43":{"start":{"line":36,"column":6},"end":{"line":36,"column":6}},"44":{"start":{"line":38,"column":6},"end":{"line":38,"column":6}},"45":{"start":{"line":0,"column":0},"end":{"line":0,"column":0},"skip":true},"46":{"start":{"line":43,"column":0},"end":{"line":43,"column":0}}},"branchMap":{"1":{"line":3,"type":"binary-expr","locations":[{"start":{"line":0,"column":0},"end":{"line":0,"column":0},"skip":true},{"start":{"line":0,"column":0},"end":{"line":0,"column":0},"skip":true}]},"2":{"line":3,"type":"if","locations":[{"start":{"line":0,"column":0},"end":{"line":0,"column":0},"skip":true},{"start":{"line":0,"column":0},"end":{"line":0,"column":0},"skip":true}]},"3":{"line":3,"type":"if","locations":[{"start":{"line":0,"column":0},"end":{"line":0,"column":0},"skip":true},{"start":{"line":0,"column":0},"end":{"line":0,"column":0},"skip":true}]},"4":{"line":3,"type":"if","locations":[{"start":{"line":0,"column":0},"end":{"line":0,"column":0},"skip":true},{"start":{"line":0,"column":0},"end":{"line":0,"column":0},"skip":true}]},"5":{"line":11,"type":"cond-expr","locations":[{"start":{"line":0,"column":0},"end":{"line":0,"column":0},"skip":true},{"start":{"line":0,"column":0},"end":{"line":0,"column":0},"skip":true}]},"6":{"line":11,"type":"binary-expr","locations":[{"start":{"line":0,"column":0},"end":{"line":0,"column":0},"skip":true},{"start":{"line":0,"column":0},"end":{"line":0,"column":0},"skip":true}]},"7":{"line":13,"type":"if","locations":[{"start":{"line":0,"column":0},"end":{"line":0,"column":0},"skip":true},{"start":{"line":0,"column":0},"end":{"line":0,"column":0},"skip":true}]},"8":{"line":19,"type":"cond-expr","locations":[{"start":{"line":9,"column":20},"end":{"line":9,"column":55}},{"start":{"line":9,"column":55},"end":{"line":9,"column":55}}]},"9":{"line":19,"type":"binary-expr","locations":[{"start":{"line":9,"column":55},"end":{"line":9,"column":55}},{"start":{"line":9,"column":55},"end":{"line":9,"column":55}}]},"10":{"line":20,"type":"cond-expr","locations":[{"start":{"line":9,"column":32},"end":{"line":9,"column":55}},{"start":{"line":9,"column":55},"end":{"line":9,"column":55}}]},"11":{"line":20,"type":"binary-expr","locations":[{"start":{"line":9,"column":55},"end":{"line":9,"column":55}},{"start":{"line":9,"column":55},"end":{"line":9,"column":55}}]},"12":{"line":24,"type":"if","locations":[{"start":{"line":10,"column":4},"end":{"line":10,"column":4}},{"start":{"line":10,"column":4},"end":{"line":10,"column":4}}]},"13":{"line":52,"type":"binary-expr","locations":[{"start":{"line":32,"column":27},"end":{"line":32,"column":27}},{"start":{"line":32,"column":42},"end":{"line":32,"column":6}}]},"14":{"line":53,"type":"cond-expr","locations":[{"start":{"line":33,"column":37},"end":{"line":33,"column":22}},{"start":{"line":35,"column":10},"end":{"line":33,"column":6}}]}},"l":{"0":42,"3":14,"4":14,"6":14,"9":15,"10":15,"11":2,"14":13,"15":13,"19":1,"20":1,"25":1,"26":1,"30":6,"31":6,"32":5,"33":5,"36":5,"38":1,"43":14}}}
