TN:
SF:/Users/philip/projects/parse-graphql/src/parse-graphql.js
FNF:0
FNH:0
DA:0,1
DA:1,1
LF:2
LH:2
BRF:0
BRH:0
end_of_record
TN:
SF:/Users/philip/projects/parse-graphql/src/client/index.js
FN:3,(anonymous_1)
FN:3,defineProperties
FN:3,(anonymous_3)
FN:11,_interopRequireDefault
FN:13,_classCallCheck
FN:17,(anonymous_6)
FN:18,GraphQLClient
FN:34,query
FN:35,(anonymous_9)
FN:41,mutate
FN:42,(anonymous_11)
FN:48,setupTransport
FN:51,(anonymous_13)
FN:57,(anonymous_14)
FNF:14
FNH:14
FNDA:14,(anonymous_1)
FNDA:14,defineProperties
FNDA:14,(anonymous_3)
FNDA:14,_interopRequireDefault
FNDA:15,_classCallCheck
FNDA:14,(anonymous_6)
FNDA:15,GraphQLClient
FNDA:1,query
FNDA:1,(anonymous_9)
FNDA:1,mutate
FNDA:1,(anonymous_11)
FNDA:6,setupTransport
FNDA:5,(anonymous_13)
FNDA:1,(anonymous_14)
DA:0,42
DA:3,14
DA:4,14
DA:6,14
DA:9,15
DA:10,15
DA:11,2
DA:14,13
DA:15,13
DA:19,1
DA:20,1
DA:25,1
DA:26,1
DA:30,6
DA:31,6
DA:32,5
DA:33,5
DA:36,5
DA:38,1
DA:43,14
LF:20
LH:20
BRDA:3,1,0,42
BRDA:3,1,1,42
BRDA:3,2,0,42
BRDA:3,2,1,0
BRDA:3,3,0,14
BRDA:3,3,1,0
BRDA:3,4,0,0
BRDA:3,4,1,14
BRDA:11,5,0,0
BRDA:11,5,1,14
BRDA:11,6,0,14
BRDA:11,6,1,14
BRDA:13,7,0,0
BRDA:13,7,1,15
BRDA:19,8,0,1
BRDA:19,8,1,14
BRDA:19,9,0,15
BRDA:19,9,1,14
BRDA:20,10,0,15
BRDA:20,10,1,0
BRDA:20,11,0,15
BRDA:20,11,1,0
BRDA:24,12,0,2
BRDA:24,12,1,13
BRDA:52,13,0,5
BRDA:52,13,1,4
BRDA:53,14,0,3
BRDA:53,14,1,2
BRF:28
BRH:26
end_of_record
